   Ôû▓ Next.js 15.0.3

   Creating an optimized production build ...
 Ô£ô Compiled successfully
   Linting and checking validity of types ...
   Collecting page data ...
   Generating static pages (0/7) ...
Error occurred prerendering page "/ajans". Read more: https://nextjs.org/docs/messages/prerender-error
Error: Functions cannot be passed directly to Client Components unless you explicitly expose it by marking it with "use server". Or maybe you meant to call this function rather than return it.
  {$$typeof: ..., render: function, displayName: ...}
                          ^^^^^^^^
    at eO (C:\AccStudioAGENT\node_modules\.pnpm\next@15.0.3_react-dom@19.0.0-rc-66855b96-20241106_react@19.0.0-rc-66855b96-20241106__react@19.0.0-rc-66855b96-20241106\node_modules\next\dist\compiled\next-server\app-page.runtime.prod.js:84:23766)
    at Object.toJSON (C:\AccStudioAGENT\node_modules\.pnpm\next@15.0.3_react-dom@19.0.0-rc-66855b96-20241106_react@19.0.0-rc-66855b96-20241106__react@19.0.0-rc-66855b96-20241106\node_modules\next\dist\compiled\next-server\app-page.runtime.prod.js:84:14915)
    at stringify (<anonymous>)
    at eU (C:\AccStudioAGENT\node_modules\.pnpm\next@15.0.3_react-dom@19.0.0-rc-66855b96-20241106_react@19.0.0-rc-66855b96-20241106__react@19.0.0-rc-66855b96-20241106\node_modules\next\dist\compiled\next-server\app-page.runtime.prod.js:84:26272)
    at eB (C:\AccStudioAGENT\node_modules\.pnpm\next@15.0.3_react-dom@19.0.0-rc-66855b96-20241106_react@19.0.0-rc-66855b96-20241106__react@19.0.0-rc-66855b96-20241106\node_modules\next\dist\compiled\next-server\app-page.runtime.prod.js:84:26502)
    at eq (C:\AccStudioAGENT\node_modules\.pnpm\next@15.0.3_react-dom@19.0.0-rc-66855b96-20241106_react@19.0.0-rc-66855b96-20241106__react@19.0.0-rc-66855b96-20241106\node_modules\next\dist\compiled\next-server\app-page.runtime.prod.js:84:27056)
    at AsyncLocalStorage.run (node:internal/async_local_storage/async_hooks:91:14)
    at C:\AccStudioAGENT\node_modules\.pnpm\next@15.0.3_react-dom@19.0.0-rc-66855b96-20241106_react@19.0.0-rc-66855b96-20241106__react@19.0.0-rc-66855b96-20241106\node_modules\next\dist\compiled\next-server\app-page.runtime.prod.js:84:39749
    at node:internal/process/task_queues:151:7
    at AsyncResource.runInAsyncScope (node:async_hooks:211:14)
Export encountered an error on /(ajans)/ajans/page: /ajans, exiting the build.
 Ô¿» Static worker exited with code: 1 and signal: null
